This file contains any messages produced by compilers while
running configure, to aid debugging if configure makes a mistake.

It was created by ipkgmgrsrv configure 0.0.1, which was
generated by GNU Autoconf 2.63.  Invocation command line was

  $ ./configure --host=arm-none-linux-gnueabi host_alias=arm-none-linux-gnueabi --no-create --no-recursion

## --------- ##
## Platform. ##
## --------- ##

hostname = Redman
uname -m = i686
uname -r = 2.6.31-zen0
uname -s = Linux
uname -v = #16 ZEN SMP PREEMPT Wed Sep 30 20:24:42 EDT 2009

/usr/bin/uname -p = Genuine Intel(R) CPU T2500 @ 2.00GHz
/bin/uname -X     = unknown

/bin/arch              = unknown
/usr/bin/arch -k       = unknown
/usr/convex/getsysinfo = unknown
/usr/bin/hostinfo      = unknown
/bin/machine           = unknown
/usr/bin/oslevel       = unknown
/bin/universe          = unknown

PATH: /usr/local/bin
PATH: /usr/bin
PATH: /bin
PATH: /opt/bin
PATH: /usr/i686-pc-linux-gnu/arm-none-linux-gnueabi/gcc-bin/4.3.4
PATH: /usr/i686-pc-linux-gnu/armv7a-softfloat-linux-gnueabi/gcc-bin/4.4.1
PATH: /usr/i686-pc-linux-gnu/gcc-bin/4.3.3
PATH: /usr/games/bin


## ----------- ##
## Core tests. ##
## ----------- ##

configure:1840: checking build system type
configure:1858: result: i686-pc-linux-gnu
configure:1880: checking host system type
configure:1895: result: arm-none-linux-gnueabi
configure:1917: checking target system type
configure:1932: result: arm-none-linux-gnueabi
configure:2000: checking for arm-none-linux-gnueabi-gcc
configure:2016: found /usr/bin/arm-none-linux-gnueabi-gcc
configure:2027: result: arm-none-linux-gnueabi-gcc
configure:2299: checking for C compiler version
configure:2307: arm-none-linux-gnueabi-gcc --version >&5
arm-none-linux-gnueabi-gcc (Gentoo 4.3.4 p1.0, pie-10.1.5) 4.3.4
Copyright (C) 2008 Free Software Foundation, Inc.
This is free software; see the source for copying conditions.  There is NO
warranty; not even for MERCHANTABILITY or FITNESS FOR A PARTICULAR PURPOSE.

configure:2311: $? = 0
configure:2318: arm-none-linux-gnueabi-gcc -v >&5
Using built-in specs.
Target: arm-none-linux-gnueabi
Configured with: /var/tmp/cross/arm-none-linux-gnueabi/portage/cross-arm-none-linux-gnueabi/gcc-4.3.4/work/gcc-4.3.4/configure --prefix=/usr --bindir=/usr/i686-pc-linux-gnu/arm-none-linux-gnueabi/gcc-bin/4.3.4 --includedir=/usr/lib/gcc/arm-none-linux-gnueabi/4.3.4/include --datadir=/usr/share/gcc-data/arm-none-linux-gnueabi/4.3.4 --mandir=/usr/share/gcc-data/arm-none-linux-gnueabi/4.3.4/man --infodir=/usr/share/gcc-data/arm-none-linux-gnueabi/4.3.4/info --with-gxx-include-dir=/usr/lib/gcc/arm-none-linux-gnueabi/4.3.4/include/g++-v4 --host=i686-pc-linux-gnu --target=arm-none-linux-gnueabi --build=i686-pc-linux-gnu --disable-altivec --disable-fixed-point --enable-nls --without-included-gettext --with-system-zlib --disable-checking --disable-werror --enable-secureplt --disable-multilib --disable-libmudflap --disable-libssp --disable-libgomp --enable-cld --disable-libgcj --enable-languages=c,c++,fortran --with-sysroot=/usr/arm-none-linux-gnueabi --disable-bootstrap --disable-libgomp --enable-__cxa_atexit --enable-clocale=gnu --with-bugurl=http://bugs.gentoo.org/ --with-pkgversion='Gentoo 4.3.4 p1.0, pie-10.1.5'
Thread model: posix
gcc version 4.3.4 (Gentoo 4.3.4 p1.0, pie-10.1.5) 
configure:2322: $? = 0
configure:2329: arm-none-linux-gnueabi-gcc -V >&5
arm-none-linux-gnueabi-gcc: '-V' option must have argument
configure:2333: $? = 1
configure:2356: checking for C compiler default output file name
configure:2378: arm-none-linux-gnueabi-gcc    conftest.c  >&5
configure:2382: $? = 0
configure:2420: result: a.out
configure:2439: checking whether the C compiler works
configure:2449: ./a.out
./configure: line 2451: ./a.out: cannot execute binary file
configure:2453: $? = 126
configure:2472: result: yes
configure:2479: checking whether we are cross compiling
configure:2481: result: yes
configure:2484: checking for suffix of executables
configure:2491: arm-none-linux-gnueabi-gcc -o conftest    conftest.c  >&5
configure:2495: $? = 0
configure:2521: result: 
configure:2527: checking for suffix of object files
configure:2553: arm-none-linux-gnueabi-gcc -c   conftest.c >&5
configure:2557: $? = 0
configure:2582: result: o
configure:2586: checking whether we are using the GNU C compiler
configure:2615: arm-none-linux-gnueabi-gcc -c   conftest.c >&5
configure:2622: $? = 0
configure:2639: result: yes
configure:2648: checking whether arm-none-linux-gnueabi-gcc accepts -g
configure:2678: arm-none-linux-gnueabi-gcc -c -g  conftest.c >&5
configure:2685: $? = 0
configure:2786: result: yes
configure:2803: checking for arm-none-linux-gnueabi-gcc option to accept ISO C89
configure:2877: arm-none-linux-gnueabi-gcc  -c -g -O2  conftest.c >&5
configure:2884: $? = 0
configure:2907: result: none needed
configure:2948: checking for a BSD-compatible install
configure:3016: result: /usr/bin/install -c
configure:3027: checking whether build environment is sane
configure:3087: result: yes
configure:3136: checking for arm-none-linux-gnueabi-strip
configure:3152: found /usr/bin/arm-none-linux-gnueabi-strip
configure:3163: result: arm-none-linux-gnueabi-strip
configure:3228: checking for a thread-safe mkdir -p
configure:3267: result: /bin/mkdir -p
configure:3280: checking for gawk
configure:3296: found /usr/bin/gawk
configure:3307: result: gawk
configure:3318: checking whether make sets $(MAKE)
configure:3340: result: yes
configure:3370: checking for style of include used by make
configure:3398: result: GNU
configure:3485: checking dependency style of arm-none-linux-gnueabi-gcc
configure:3595: result: none
configure:3645: checking whether make sets $(MAKE)
configure:3667: result: yes
configure:3844: creating ./config.status

## ---------------- ##
## Cache variables. ##
## ---------------- ##

ac_cv_build=i686-pc-linux-gnu
ac_cv_c_compiler_gnu=yes
ac_cv_env_CC_set=
ac_cv_env_CC_value=
ac_cv_env_CFLAGS_set=
ac_cv_env_CFLAGS_value=
ac_cv_env_CPPFLAGS_set=
ac_cv_env_CPPFLAGS_value=
ac_cv_env_LDFLAGS_set=
ac_cv_env_LDFLAGS_value=
ac_cv_env_LIBS_set=
ac_cv_env_LIBS_value=
ac_cv_env_build_alias_set=
ac_cv_env_build_alias_value=
ac_cv_env_host_alias_set=set
ac_cv_env_host_alias_value=arm-none-linux-gnueabi
ac_cv_env_target_alias_set=
ac_cv_env_target_alias_value=
ac_cv_host=arm-none-linux-gnueabi
ac_cv_objext=o
ac_cv_path_install='/usr/bin/install -c'
ac_cv_path_mkdir=/bin/mkdir
ac_cv_prog_AWK=gawk
ac_cv_prog_CC=arm-none-linux-gnueabi-gcc
ac_cv_prog_STRIP=arm-none-linux-gnueabi-strip
ac_cv_prog_cc_c89=
ac_cv_prog_cc_g=yes
ac_cv_prog_make_make_set=yes
ac_cv_target=arm-none-linux-gnueabi
am_cv_CC_dependencies_compiler_type=none

## ----------------- ##
## Output variables. ##
## ----------------- ##

ACLOCAL='${SHELL} /home/rmh3093/workspace-palmpre/ipkgmgrsrv/missing --run aclocal-1.11'
AMDEPBACKSLASH='\'
AMDEP_FALSE='#'
AMDEP_TRUE=''
AMTAR='${SHELL} /home/rmh3093/workspace-palmpre/ipkgmgrsrv/missing --run tar'
AUTOCONF='${SHELL} /home/rmh3093/workspace-palmpre/ipkgmgrsrv/missing --run autoconf'
AUTOHEADER='${SHELL} /home/rmh3093/workspace-palmpre/ipkgmgrsrv/missing --run autoheader'
AUTOMAKE='${SHELL} /home/rmh3093/workspace-palmpre/ipkgmgrsrv/missing --run automake-1.11'
AWK='gawk'
CC='arm-none-linux-gnueabi-gcc'
CCDEPMODE='depmode=none'
CFLAGS='-march=armv7-a -mtune=cortex-a8 -Os -fPIC -g -Wall -D_GNU_SOURCE -DIPKG_LIB  -I/usr/arm-none-linux-gnueabi/usr/include/ -I/usr/arm-none-linux-gnueabi/include/ -L/usr/arm-none-linux-gnueabi/lib -L/usr/arm-none-linux-gnueabi/usr/lib -Xlinker -rpath-link=/usr/arm-none-linux-gnueabi/usr/lib -I/usr/arm-none-linux-gnueabi/usr/include/mjson -I/usr/arm-none-linux-gnueabi/usr/include/glib-2.0 -I/usr/arm-none-linux-gnueabi/usr/lib/glib-2.0/include -Iinclude -Iinclude/liblunaservice -L.'
CPPFLAGS=''
CYGPATH_W='echo'
DEFS='-DPACKAGE_NAME=\"ipkgmgrsrv\" -DPACKAGE_TARNAME=\"ipkgmgrsrv\" -DPACKAGE_VERSION=\"0.0.1\" -DPACKAGE_STRING=\"ipkgmgrsrv\ 0.0.1\" -DPACKAGE_BUGREPORT=\"http://www.webos-internals.org\" -DPACKAGE=\"ipkgmgrsrv\" -DVERSION=\"0.0.1\"'
DEPDIR='.deps'
ECHO_C=''
ECHO_N='-n'
ECHO_T=''
EXEEXT=''
INC_DIR=''
INSTALL_DATA='${INSTALL} -m 644'
INSTALL_PROGRAM='${INSTALL}'
INSTALL_SCRIPT='${INSTALL}'
INSTALL_STRIP_PROGRAM='$(install_sh) -c -s'
LDFLAGS='-llunaservice-armv7 -lglib-2.0 -lmjson -lcurl'
LIBIPKG='libipkg-armv7.a'
LIBOBJS=''
LIBS=''
LIB_DIR=''
LTLIBOBJS=''
MAKEINFO='${SHELL} /home/rmh3093/workspace-palmpre/ipkgmgrsrv/missing --run makeinfo'
MKDIR_P='/bin/mkdir -p'
OBJEXT='o'
PACKAGE='ipkgmgrsrv'
PACKAGE_BUGREPORT='http://www.webos-internals.org'
PACKAGE_NAME='ipkgmgrsrv'
PACKAGE_STRING='ipkgmgrsrv 0.0.1'
PACKAGE_TARNAME='ipkgmgrsrv'
PACKAGE_VERSION='0.0.1'
PATH_SEPARATOR=':'
SET_MAKE=''
SHELL='/bin/sh'
STRIP='arm-none-linux-gnueabi-strip'
VERSION='0.0.1'
ac_ct_CC=''
am__EXEEXT_FALSE=''
am__EXEEXT_TRUE='#'
am__fastdepCC_FALSE=''
am__fastdepCC_TRUE='#'
am__include='include'
am__isrc=''
am__leading_dot='.'
am__quote=''
am__tar='${AMTAR} chof - "$$tardir"'
am__untar='${AMTAR} xf -'
bindir='${exec_prefix}/bin'
build='i686-pc-linux-gnu'
build_alias=''
build_cpu='i686'
build_os='linux-gnu'
build_vendor='pc'
datadir='${datarootdir}'
datarootdir='${prefix}/share'
docdir='${datarootdir}/doc/${PACKAGE_TARNAME}'
dvidir='${docdir}'
exec_prefix='${prefix}'
host='arm-none-linux-gnueabi'
host_alias='arm-none-linux-gnueabi'
host_cpu='arm'
host_os='linux-gnueabi'
host_vendor='none'
htmldir='${docdir}'
includedir='${prefix}/include'
infodir='${datarootdir}/info'
install_sh='${SHELL} /home/rmh3093/workspace-palmpre/ipkgmgrsrv/install-sh'
libdir='${exec_prefix}/lib'
libexecdir='${exec_prefix}/libexec'
localedir='${datarootdir}/locale'
localstatedir='${prefix}/var'
mandir='${datarootdir}/man'
mkdir_p='/bin/mkdir -p'
oldincludedir='/usr/include'
pdfdir='${docdir}'
prefix='/usr/local'
program_transform_name='s,x,x,'
psdir='${docdir}'
sbindir='${exec_prefix}/sbin'
sharedstatedir='${prefix}/com'
sysconfdir='${prefix}/etc'
target='arm-none-linux-gnueabi'
target_alias=''
target_cpu='arm'
target_os='linux-gnueabi'
target_vendor='none'

## ----------- ##
## confdefs.h. ##
## ----------- ##

#define PACKAGE_NAME "ipkgmgrsrv"
#define PACKAGE_TARNAME "ipkgmgrsrv"
#define PACKAGE_VERSION "0.0.1"
#define PACKAGE_STRING "ipkgmgrsrv 0.0.1"
#define PACKAGE_BUGREPORT "http://www.webos-internals.org"
#define PACKAGE "ipkgmgrsrv"
#define VERSION "0.0.1"

configure: exit 0

## ---------------------- ##
## Running config.status. ##
## ---------------------- ##

This file was extended by ipkgmgrsrv config.status 0.0.1, which was
generated by GNU Autoconf 2.63.  Invocation command line was

  CONFIG_FILES    = 
  CONFIG_HEADERS  = 
  CONFIG_LINKS    = 
  CONFIG_COMMANDS = 
  $ ./config.status 

on Redman

config.status:707: creating Makefile
config.status:918: executing depfiles commands
